SF:/mnt/c/Users/fatma/Desktop/ce205-final-abdulsamed-kara-omersahan-sofu-vahithamza-baran-fatmaciran-akbas-cpp/src/task/header/task.h
DA:71,0
DA:72,0
DA:70,0
DA:42,0
DA:43,0
DA:41,0
DA:100,0
DA:99,0
DA:91,0
DA:92,0
DA:93,0
DA:94,0
DA:95,0
DA:96,0
DA:90,0
DA:66,0
DA:67,0
DA:65,0
DA:56,0
DA:57,0
DA:55,0
DA:84,0
DA:85,0
DA:86,0
DA:87,0
DA:83,0
DA:48,0
DA:49,0
DA:50,0
DA:51,0
DA:47,0
DA:61,0
DA:62,0
DA:60,0
DA:31,0
DA:32,0
DA:33,0
DA:34,0
DA:35,0
DA:36,0
DA:37,0
DA:38,0
DA:30,0
DA:104,0
DA:105,0
DA:106,0
DA:103,0
DA:22,0
DA:23,0
DA:24,0
DA:25,0
DA:26,0
DA:27,0
DA:21,0
DA:111,0
DA:112,0
DA:110,0
DA:6,0
DA:8,0
DA:9,0
DA:10,0
DA:11,0
DA:12,0
DA:13,0
DA:15,0
DA:16,0
DA:17,0
DA:18,0
DA:28,0
DA:39,0
DA:52,0
DA:58,0
DA:63,0
DA:73,0
DA:88,0
DA:97,0
DA:101,0
DA:107,0
DA:113,0
DA:75,0
DA:79,0
DA:80,0
DA:81,0
DA:117,0
DA:128,0
DA:135,0
DA:137,1
DA:139,1
DA:141,1
DA:146,0
DA:148,0
DA:150,0
DA:152,0
DA:154,0
DA:156,0
DA:157,0
DA:159,0
DA:161,0
DA:163,0
DA:165,0
DA:166,0
DA:172,0
DA:174,1
DA:180,1
DA:182,1
DA:187,1
DA:188,0
DA:189,0
DA:190,0
DA:191,0
DA:192,0
DA:193,0
DA:194,0
DA:195,0
DA:196,0
DA:197,0
DA:198,0
DA:199,0
DA:200,0
DA:204,0
DA:205,0
DA:206,0
DA:207,0
DA:211,0
DA:212,0
DA:213,0
DA:214,0
DA:218,0
DA:219,0
DA:220,0
DA:1,0
end_of_record
SF:/mnt/c/Users/fatma/Desktop/ce205-final-abdulsamed-kara-omersahan-sofu-vahithamza-baran-fatmaciran-akbas-cpp/README.md
DA:1,0
end_of_record
SF:/mnt/c/Users/fatma/Desktop/ce205-final-abdulsamed-kara-omersahan-sofu-vahithamza-baran-fatmaciran-akbas-cpp/src/task/src/task.cpp
DA:1,0
DA:30,0
DA:31,0
DA:32,0
DA:23,0
DA:24,0
DA:25,0
DA:26,0
DA:33,0
DA:34,0
DA:40,0
DA:41,0
DA:42,0
DA:43,0
DA:44,0
DA:45,0
DA:46,0
DA:52,0
DA:937,0
DA:57,0
DA:72,1
DA:86,1
DA:101,1
DA:117,0
DA:134,0
DA:152,0
DA:172,0
DA:186,0
DA:200,0
DA:213,0
DA:231,0
DA:245,0
DA:262,0
DA:328,0
DA:343,0
DA:359,0
DA:405,0
DA:429,1
DA:479,0
DA:524,0
DA:545,0
DA:584,0
DA:600,0
DA:614,0
DA:627,0
DA:645,0
DA:652,0
DA:666,0
DA:682,0
DA:701,0
DA:709,0
DA:716,0
DA:725,0
DA:737,0
DA:784,0
DA:812,0
DA:828,0
DA:860,0
DA:902,0
DA:939,0
DA:992,0
DA:1023,0
DA:1027,0
DA:1040,0
DA:1053,0
DA:1081,0
DA:1100,0
DA:1107,0
DA:1135,0
DA:1157,0
DA:1177,0
DA:1211,0
DA:1254,0
DA:1266,0
DA:1304,0
DA:1317,0
DA:1327,0
DA:1334,0
DA:1342,0
DA:1347,0
DA:1367,0
DA:1398,0
DA:1476,0
DA:1488,0
DA:1497,0
DA:1505,0
DA:1515,0
DA:1546,0
DA:1567,0
DA:1597,0
DA:1628,0
DA:1657,0
DA:1697,0
DA:1722,0
DA:1750,0
DA:1779,0
DA:1807,0
DA:1835,0
DA:1863,0
DA:1893,0
DA:1901,0
DA:1908,0
DA:1983,1
DA:2016,1
DA:2082,1
DA:2099,0
DA:2137,0
DA:2183,0
end_of_record
SF:/mnt/c/Users/fatma/Desktop/ce205-final-abdulsamed-kara-omersahan-sofu-vahithamza-baran-fatmaciran-akbas-cpp/src/taskapp/header/taskapp.h
DA:1,1
end_of_record
SF:/mnt/c/Users/fatma/Desktop/ce205-final-abdulsamed-kara-omersahan-sofu-vahithamza-baran-fatmaciran-akbas-cpp/src/taskapp/src/taskapp.cpp
DA:16,0
DA:1,0
end_of_record
SF:/mnt/c/Users/fatma/Desktop/ce205-final-abdulsamed-kara-omersahan-sofu-vahithamza-baran-fatmaciran-akbas-cpp/src/utility/header/commonTypes.h
DA:1,0
end_of_record
SF:/mnt/c/Users/fatma/Desktop/ce205-final-abdulsamed-kara-omersahan-sofu-vahithamza-baran-fatmaciran-akbas-cpp/src/utility/header/mathUtility.h
DA:1,0
end_of_record
SF:/mnt/c/Users/fatma/Desktop/ce205-final-abdulsamed-kara-omersahan-sofu-vahithamza-baran-fatmaciran-akbas-cpp/src/utility/src/mathUtility.cpp
DA:1,0
end_of_record
